<?xml version="1.0" encoding="UTF-8"?>
<!-- Generated by org.testng.reporters.JUnitXMLReporter -->
<testsuite ignored="1" hostname="Yogeshs-Mac-mini.local" failures="0" tests="2" name="Test" time="26.286" errors="0" timestamp="2024-05-25T01:08:52 GMT-07:00">
  <testcase classname="Qa_wingify_Test_Cases.Qa_wingify_Login_Testcase_01" name="VerfyLogin" time="5.975"/>
  <testcase classname="Qa_wingify_Test_Cases.Qa_wingify_Home_page_Testcase_002" name="VerfyLogin" time="11.239"/>
  <testcase classname="Qa_wingnify_Util.Qa_wingify_Base_class" name="@BeforeSuite setUpExtentReports" time="0.0">
    <ignored/>
  </testcase> <!-- @BeforeSuite setUpExtentReports -->
</testsuite> <!-- Test -->
